<?xml version="1.0" encoding="UTF-8"?>
<testsuite name="data.TestPosition" tests="5" skipped="0" failures="0" errors="0" timestamp="2022-01-12T23:10:34" hostname="diogo-IdeaPro" time="0.028">
  <properties/>
  <testcase name="testPositionConstructor()" classname="data.TestPosition" time="0.023"/>
  <testcase name="testGetX()" classname="data.TestPosition" time="0.001"/>
  <testcase name="testGetY()" classname="data.TestPosition" time="0.0"/>
  <testcase name="testSetX()" classname="data.TestPosition" time="0.001"/>
  <testcase name="testSetY()" classname="data.TestPosition" time="0.001"/>
  <system-out><![CDATA[]]></system-out>
  <system-err><![CDATA[]]></system-err>
</testsuite>
