<?xml version="1.0" encoding="UTF-8"?>
<testsuite name="data.TestInformation" tests="1" skipped="0" failures="0" errors="0" timestamp="2022-01-14T21:48:08" hostname="diogo-IdeaPro" time="0.009">
  <properties/>
  <testcase name="testOneUp()" classname="data.TestInformation" time="0.009"/>
  <system-out><![CDATA[]]></system-out>
  <system-err><![CDATA[]]></system-err>
</testsuite>
