<?xml version="1.0" encoding="UTF-8"?>
<testsuite name="TestBoard" tests="1" skipped="0" failures="0" errors="0" timestamp="2022-01-05T12:29:01" hostname="HANNA" time="0.076">
  <properties/>
  <testcase name="testProcessKeyLeft()" classname="TestBoard" time="0.076"/>
  <system-out><![CDATA[]]></system-out>
  <system-err><![CDATA[]]></system-err>
</testsuite>
