<?xml version="1.0" encoding="UTF-8"?>
<testsuite name="data.TestAlien" tests="10" skipped="0" failures="0" errors="0" timestamp="2022-01-12T23:10:34" hostname="diogo-IdeaPro" time="0.01">
  <properties/>
  <testcase name="testAlienCloseFalse()" classname="data.TestAlien" time="0.001"/>
  <testcase name="testAlienCloseTrue()" classname="data.TestAlien" time="0.001"/>
  <testcase name="testCloseAlienTrue()" classname="data.TestAlien" time="0.001"/>
  <testcase name="testAlienSetters()" classname="data.TestAlien" time="0.0"/>
  <testcase name="testAlienSetPosition()" classname="data.TestAlien" time="0.0"/>
  <testcase name="testAlienMoveDown()" classname="data.TestAlien" time="0.001"/>
  <testcase name="testAlienMoveLeft()" classname="data.TestAlien" time="0.0"/>
  <testcase name="testCloseAlienFalse()" classname="data.TestAlien" time="0.0"/>
  <testcase name="testConstructor()" classname="data.TestAlien" time="0.0"/>
  <testcase name="testAlienMoveRight()" classname="data.TestAlien" time="0.001"/>
  <system-out><![CDATA[]]></system-out>
  <system-err><![CDATA[]]></system-err>
</testsuite>
