<?xml version="1.0" encoding="UTF-8"?>
<testsuite name="TestShip" tests="6" skipped="0" failures="0" errors="0" timestamp="2022-01-03T20:17:29" hostname="diogo-IdeaPro" time="0.016">
  <properties/>
  <testcase name="TestShipConstructor()" classname="TestShip" time="0.011"/>
  <testcase name="TestShipSetPosition()" classname="TestShip" time="0.001"/>
  <testcase name="TestShipStand()" classname="TestShip" time="0.001"/>
  <testcase name="TestShipSetters()" classname="TestShip" time="0.0"/>
  <testcase name="TestShipMoveLeft()" classname="TestShip" time="0.0"/>
  <testcase name="TestShipMoveRight()" classname="TestShip" time="0.0"/>
  <system-out><![CDATA[]]></system-out>
  <system-err><![CDATA[]]></system-err>
</testsuite>
