<?xml version="1.0" encoding="UTF-8"?>
<testsuite name="data.TestWall" tests="2" skipped="0" failures="0" errors="0" timestamp="2022-01-14T14:28:30" hostname="diogo-IdeaPro" time="0.002">
  <properties/>
  <testcase name="TestWallGetPosition()" classname="data.TestWall" time="0.001"/>
  <testcase name="TestWallConstructor()" classname="data.TestWall" time="0.0"/>
  <system-out><![CDATA[]]></system-out>
  <system-err><![CDATA[]]></system-err>
</testsuite>
