<?xml version="1.0" encoding="UTF-8"?>
<testsuite name="TestWall" tests="1" skipped="0" failures="0" errors="0" timestamp="2022-01-06T11:32:55" hostname="ubuntu" time="0.031">
  <properties/>
  <testcase name="TestWallGetPosition()" classname="TestWall" time="0.031"/>
  <system-out><![CDATA[]]></system-out>
  <system-err><![CDATA[]]></system-err>
</testsuite>
